<?xml version="1.0" encoding="UTF-8"?>
<testng-results ignored="0" total="6" passed="5" failed="1" skipped="0">
  <reporter-output>
  </reporter-output>
  <suite started-at="2022-09-21T22:33:54 IST" name="Default suite" finished-at="2022-09-21T22:34:06 IST" duration-ms="11960">
    <groups>
    </groups>
    <test started-at="2022-09-21T22:33:54 IST" name="Default test" finished-at="2022-09-21T22:34:06 IST" duration-ms="11960">
      <class name="datadriventesting.DataDrivenTest_AddNewEmployees">
        <test-method signature="postNewEployees(java.lang.String, java.lang.String, java.lang.String)[pri:0, instance:datadriventesting.DataDrivenTest_AddNewEmployees@41c2284a]" started-at="2022-09-21T22:33:56 IST" name="postNewEployees" data-provider="empdataprovider" finished-at="2022-09-21T22:34:01 IST" duration-ms="4294" status="PASS">
          <params>
            <param index="0">
              <value>
                <![CDATA[JOHNXYZ1237]]>
              </value>
            </param>
            <param index="1">
              <value>
                <![CDATA[40000]]>
              </value>
            </param>
            <param index="2">
              <value>
                <![CDATA[30]]>
              </value>
            </param>
          </params>
          <reporter-output>
          </reporter-output>
        </test-method> <!-- postNewEployees -->
        <test-method signature="postNewEployees(java.lang.String, java.lang.String, java.lang.String)[pri:0, instance:datadriventesting.DataDrivenTest_AddNewEmployees@41c2284a]" started-at="2022-09-21T22:34:01 IST" name="postNewEployees" data-provider="empdataprovider" finished-at="2022-09-21T22:34:02 IST" duration-ms="1314" status="PASS">
          <params>
            <param index="0">
              <value>
                <![CDATA[DAVIDXYZ1246]]>
              </value>
            </param>
            <param index="1">
              <value>
                <![CDATA[70000]]>
              </value>
            </param>
            <param index="2">
              <value>
                <![CDATA[40]]>
              </value>
            </param>
          </params>
          <reporter-output>
          </reporter-output>
        </test-method> <!-- postNewEployees -->
        <test-method signature="postNewEployees(java.lang.String, java.lang.String, java.lang.String)[pri:0, instance:datadriventesting.DataDrivenTest_AddNewEmployees@41c2284a]" started-at="2022-09-21T22:34:02 IST" name="postNewEployees" data-provider="empdataprovider" finished-at="2022-09-21T22:34:03 IST" duration-ms="1190" status="PASS">
          <params>
            <param index="0">
              <value>
                <![CDATA[MISRAKXYZ1258]]>
              </value>
            </param>
            <param index="1">
              <value>
                <![CDATA[80000]]>
              </value>
            </param>
            <param index="2">
              <value>
                <![CDATA[35]]>
              </value>
            </param>
          </params>
          <reporter-output>
          </reporter-output>
        </test-method> <!-- postNewEployees -->
        <test-method signature="postNewEployees(java.lang.String, java.lang.String, java.lang.String)[pri:0, instance:datadriventesting.DataDrivenTest_AddNewEmployees@41c2284a]" started-at="2022-09-21T22:34:03 IST" name="postNewEployees" data-provider="empdataprovider" finished-at="2022-09-21T22:34:04 IST" duration-ms="1031" status="PASS">
          <params>
            <param index="0">
              <value>
                <![CDATA[SMITHXYZ1269]]>
              </value>
            </param>
            <param index="1">
              <value>
                <![CDATA[240000]]>
              </value>
            </param>
            <param index="2">
              <value>
                <![CDATA[45]]>
              </value>
            </param>
          </params>
          <reporter-output>
          </reporter-output>
        </test-method> <!-- postNewEployees -->
        <test-method signature="postNewEployees(java.lang.String, java.lang.String, java.lang.String)[pri:0, instance:datadriventesting.DataDrivenTest_AddNewEmployees@41c2284a]" started-at="2022-09-21T22:34:04 IST" name="postNewEployees" data-provider="empdataprovider" finished-at="2022-09-21T22:34:05 IST" duration-ms="958" status="FAIL">
          <params>
            <param index="0">
              <value>
                <![CDATA[SCOTTXYZ12798]]>
              </value>
            </param>
            <param index="1">
              <value>
                <![CDATA[740000]]>
              </value>
            </param>
            <param index="2">
              <value>
                <![CDATA[50]]>
              </value>
            </param>
          </params>
          <exception class="java.lang.AssertionError">
            <message>
              <![CDATA[expected [true] but found [false]]]>
            </message>
            <full-stacktrace>
              <![CDATA[java.lang.AssertionError: expected [true] but found [false]
at org.testng.Assert.fail(Assert.java:97)
at org.testng.Assert.assertEqualsImpl(Assert.java:136)
at org.testng.Assert.assertEquals(Assert.java:118)
at org.testng.Assert.assertEquals(Assert.java:751)
at org.testng.Assert.assertEquals(Assert.java:761)
at datadriventesting.DataDrivenTest_AddNewEmployees.postNewEployees(DataDrivenTest_AddNewEmployees.java:48)
at java.base/jdk.internal.reflect.NativeMethodAccessorImpl.invoke0(Native Method)
at java.base/jdk.internal.reflect.NativeMethodAccessorImpl.invoke(NativeMethodAccessorImpl.java:77)
at java.base/jdk.internal.reflect.DelegatingMethodAccessorImpl.invoke(DelegatingMethodAccessorImpl.java:43)
at java.base/java.lang.reflect.Method.invoke(Method.java:568)
at org.testng.internal.MethodInvocationHelper.invokeMethod(MethodInvocationHelper.java:134)
at org.testng.internal.TestInvoker.invokeMethod(TestInvoker.java:597)
at org.testng.internal.TestInvoker.invokeTestMethod(TestInvoker.java:173)
at org.testng.internal.MethodRunner.runInSequence(MethodRunner.java:46)
at org.testng.internal.TestInvoker$MethodInvocationAgent.invoke(TestInvoker.java:816)
at org.testng.internal.TestInvoker.invokeTestMethods(TestInvoker.java:146)
at org.testng.internal.TestMethodWorker.invokeTestMethods(TestMethodWorker.java:146)
at org.testng.internal.TestMethodWorker.run(TestMethodWorker.java:128)
at java.base/java.util.ArrayList.forEach(ArrayList.java:1511)
at org.testng.TestRunner.privateRun(TestRunner.java:766)
at org.testng.TestRunner.run(TestRunner.java:587)
at org.testng.SuiteRunner.runTest(SuiteRunner.java:384)
at org.testng.SuiteRunner.runSequentially(SuiteRunner.java:378)
at org.testng.SuiteRunner.privateRun(SuiteRunner.java:337)
at org.testng.SuiteRunner.run(SuiteRunner.java:286)
at org.testng.SuiteRunnerWorker.runSuite(SuiteRunnerWorker.java:53)
at org.testng.SuiteRunnerWorker.run(SuiteRunnerWorker.java:96)
at org.testng.TestNG.runSuitesSequentially(TestNG.java:1187)
at org.testng.TestNG.runSuitesLocally(TestNG.java:1109)
at org.testng.TestNG.runSuites(TestNG.java:1039)
at org.testng.TestNG.run(TestNG.java:1007)
at org.testng.remote.AbstractRemoteTestNG.run(AbstractRemoteTestNG.java:115)
at org.testng.remote.RemoteTestNG.initAndRun(RemoteTestNG.java:251)
at org.testng.remote.RemoteTestNG.main(RemoteTestNG.java:77)
]]>
            </full-stacktrace>
          </exception> <!-- java.lang.AssertionError -->
          <reporter-output>
          </reporter-output>
        </test-method> <!-- postNewEployees -->
        <test-method signature="postNewEployees(java.lang.String, java.lang.String, java.lang.String)[pri:0, instance:datadriventesting.DataDrivenTest_AddNewEmployees@41c2284a]" started-at="2022-09-21T22:34:05 IST" name="postNewEployees" data-provider="empdataprovider" finished-at="2022-09-21T22:34:06 IST" duration-ms="1077" status="PASS">
          <params>
            <param index="0">
              <value>
                <![CDATA[]]>
              </value>
            </param>
            <param index="1">
              <value>
                <![CDATA[]]>
              </value>
            </param>
            <param index="2">
              <value>
                <![CDATA[]]>
              </value>
            </param>
          </params>
          <reporter-output>
          </reporter-output>
        </test-method> <!-- postNewEployees -->
      </class> <!-- datadriventesting.DataDrivenTest_AddNewEmployees -->
    </test> <!-- Default test -->
  </suite> <!-- Default suite -->
</testng-results>
